***** First iteration *****

macro

Accuracy of LogisticRegression on training set is 0.8767564402810304
Accuracy of LogisticRegression on testing set is 0.7748178506375227
Recall of LogisticRegression is 0.6479180846847751
Precision of LogisticRegression is 0.7566045351633107
F1 of LogisticRegression is 0.6835864917432787
              precision    recall  f1-score   support

    negative       0.79      0.95      0.86      2756
     neutral       0.68      0.43      0.52       955
    positive       0.80      0.57      0.67       681

    accuracy                           0.77      4392
   macro avg       0.76      0.65      0.68      4392
weighted avg       0.77      0.77      0.76      4392

Accuracy of KNeighborsClassifier on training set is 0.8321623731459797
Accuracy of KNeighborsClassifier on testing set is 0.6857923497267759
Recall of KNeighborsClassifier is 0.5823762353869351
Precision of KNeighborsClassifier is 0.603060786800652
F1 of KNeighborsClassifier is 0.5914835175953885
              precision    recall  f1-score   support

    negative       0.78      0.82      0.80      2756
     neutral       0.46      0.43      0.44       955
    positive       0.57      0.50      0.53       681

    accuracy                           0.69      4392
   macro avg       0.60      0.58      0.59      4392
weighted avg       0.68      0.69      0.68      4392

Accuracy of DecisionTreeClassifier on training set is 0.9963895394223263
Accuracy of DecisionTreeClassifier on testing set is 0.6730418943533698
Recall of DecisionTreeClassifier is 0.5837823704017974
Precision of DecisionTreeClassifier is 0.592048609743849
F1 of DecisionTreeClassifier is 0.5876546104845634
              precision    recall  f1-score   support

    negative       0.77      0.80      0.79      2756
     neutral       0.42      0.40      0.41       955
    positive       0.58      0.56      0.57       681

    accuracy                           0.67      4392
   macro avg       0.59      0.58      0.59      4392
weighted avg       0.67      0.67      0.67      4392

Accuracy of MultinomialNB on training set is 0.7221896955503513
Accuracy of MultinomialNB on testing set is 0.6769125683060109
Recall of MultinomialNB is 0.4262073160392989
Precision of MultinomialNB is 0.7664672596362879
F1 of MultinomialNB is 0.42654676665032837
              precision    recall  f1-score   support

    negative       0.67      1.00      0.80      2756
     neutral       0.77      0.12      0.21       955
    positive       0.86      0.16      0.27       681

    accuracy                           0.68      4392
   macro avg       0.77      0.43      0.43      4392
weighted avg       0.72      0.68      0.59      4392

Accuracy of ComplementNB on training set is 0.8770491803278688
Accuracy of ComplementNB on testing set is 0.7577413479052824
Recall of ComplementNB is 0.6393926753717407
Precision of ComplementNB is 0.7006512106898879
F1 of ComplementNB is 0.6556950326291106
              precision    recall  f1-score   support

    negative       0.80      0.92      0.86      2756
     neutral       0.67      0.39      0.49       955
    positive       0.63      0.61      0.62       681

    accuracy                           0.76      4392
   macro avg       0.70      0.64      0.66      4392
weighted avg       0.74      0.76      0.74      4392

Accuracy of LinearSVC on training set is 0.9637002341920374
Accuracy of LinearSVC on testing set is 0.7755009107468124
Recall of LinearSVC is 0.6796378840871015
Precision of LinearSVC is 0.731354360816471
F1 of LinearSVC is 0.7007415860799643
              precision    recall  f1-score   support

    negative       0.82      0.91      0.86      2756
     neutral       0.62      0.50      0.55       955
    positive       0.76      0.64      0.69       681

    accuracy                           0.78      4392
   macro avg       0.73      0.68      0.70      4392
weighted avg       0.77      0.78      0.77      4392

Accuracy of SVC on training set is 0.9610655737704918
Accuracy of SVC on testing set is 0.7645719489981785
Recall of SVC is 0.6219292377687945
Precision of SVC is 0.7630892964831855
F1 of SVC is 0.6593821952629724
              precision    recall  f1-score   support

    negative       0.76      0.96      0.85      2756
     neutral       0.71      0.34      0.46       955
    positive       0.81      0.57      0.67       681

    accuracy                           0.76      4392
   macro avg       0.76      0.62      0.66      4392
weighted avg       0.76      0.76      0.74      4392